<?xml version="1.0" encoding="UTF-8"?>
<testExecutions version="1">
  <file path="/home/anilkd/Desktop/Blinkist App/blinkist-app/src/components/molecules/cards/bookCards.test.tsx">
    <testCase name="Book Cards first" duration="175"/>
    <testCase name="Book Cards onAdd Button" duration="34"/>
    <testCase name="Book Cards onReadAgainButton" duration="26"/>
    <testCase name="Book Cards onReadAgainButton click" duration="36"/>
    <testCase name="Book Cards onFinishButton click" duration="32"/>
    <testCase name="Book Cards finished" duration="49"/>
  </file>
  <file path="/home/anilkd/Desktop/Blinkist App/blinkist-app/src/components/organisms/cardGrid/cardGrid.test.tsx">
    <testCase name="Card Grid Text Tests" duration="165"/>
    <testCase name="Card Grid OnClick for Adding" duration="106"/>
    <testCase name="Card Grid Onclick for reading again" duration="84"/>
  </file>
  <file path="/home/anilkd/Desktop/Blinkist App/blinkist-app/src/components/organisms/header/header.test.tsx">
    <testCase name="Header Text" duration="91"/>
    <testCase name="Header Explore" duration="87"/>
    <testCase name="Header Explore Click Option" duration="19"/>
    <testCase name="Header My Library Click" duration="33"/>
  </file>
  <file path="/home/anilkd/Desktop/Blinkist App/blinkist-app/src/components/molecules/buttons/buttons.test.tsx">
    <testCase name="Button Text on Button" duration="85"/>
    <testCase name="Button Icons" duration="63"/>
    <testCase name="Button Button Fired" duration="12"/>
  </file>
  <file path="/home/anilkd/Desktop/Blinkist App/blinkist-app/src/components/molecules/navItems/navItems.test.tsx">
    <testCase name="Nav Items isPresent" duration="50"/>
    <testCase name="Nav Items onclick" duration="16"/>
  </file>
  <file path="/home/anilkd/Desktop/Blinkist App/blinkist-app/src/components/organisms/bookView/bookView.test.tsx">
    <testCase name="BookView Text on Books" duration="240"/>
  </file>
  <file path="/home/anilkd/Desktop/Blinkist App/blinkist-app/src/components/molecules/tabs/tabs.test.tsx">
    <testCase name="Tabs Check for tabs" duration="34"/>
    <testCase name="Tabs onclick function" duration="11"/>
  </file>
  <file path="/home/anilkd/Desktop/Blinkist App/blinkist-app/src/components/atoms/cover_images/coverImage.test.tsx">
    <testCase name="Cover Image Alt Text" duration="30"/>
    <testCase name="Cover Image Image Tag" duration="35"/>
  </file>
  <file path="/home/anilkd/Desktop/Blinkist App/blinkist-app/src/components/organisms/toolBar/toolbar.test.tsx">
    <testCase name="ToolBar Text" duration="159"/>
    <testCase name="ToolBar onClick" duration="60"/>
  </file>
  <file path="/home/anilkd/Desktop/Blinkist App/blinkist-app/src/components/atoms/logo/logo.test.tsx">
    <testCase name="Blinklist image should be Blinklistlogo.png" duration="78"/>
    <testCase name="Blinklist alt should be BlinkList" duration="25"/>
  </file>
  <file path="/home/anilkd/Desktop/Blinkist App/blinkist-app/src/components/organisms/banner/banner.test.tsx">
    <testCase name="Banner Image" duration="50"/>
    <testCase name="Banner Text in the Banner" duration="10"/>
  </file>
  <file path="/home/anilkd/Desktop/Blinkist App/blinkist-app/src/components/molecules/searchBar/searchBar.test.tsx">
    <testCase name="Search Bar Search Bar Placeholder Test" duration="54"/>
  </file>
  <file path="/home/anilkd/Desktop/Blinkist App/blinkist-app/src/components/atoms/Typo/typo.test.tsx">
    <testCase name="Typo Typo Text" duration="27"/>
  </file>
  <file path="/home/anilkd/Desktop/Blinkist App/blinkist-app/src/components/molecules/extendedNav/extendednav.test.tsx">
    <testCase name="render the icon header text" duration="53"/>
  </file>
  <file path="/home/anilkd/Desktop/Blinkist App/blinkist-app/src/components/atoms/avatar/avatar.test.tsx">
    <testCase name="Avatar Avatar Present" duration="48"/>
  </file>
  <file path="/home/anilkd/Desktop/Blinkist App/blinkist-app/src/components/organisms/footer/footer.test.tsx">
    <testCase name="Footer Text" duration="45"/>
  </file>
</testExecutions>